CSCE_522/firebase_login/build/app/intermediates/manifest_merge_blame_file/debug/manifest-merger-blame-debug-report.txt
1<?xml version="1.0" encoding="utf-8"?>
2<manifest xmlns:android="http://schemas.android.com/apk/res/android"
3    package="com.example.firebase_login"
4    android:versionCode="1"
5    android:versionName="1.0.0" >
6
7    <uses-sdk
8        android:minSdkVersion="16"
9        android:targetSdkVersion="28" />
10    <!--
11         Flutter needs it to communicate with the running application
12         to allow setting breakpoints, to provide hot reload, etc.
13    -->
14    <uses-permission android:name="android.permission.INTERNET" />
14-->src\debug\AndroidManifest.xml:6:5-66
14-->src\debug\AndroidManifest.xml:6:22-64
15    <!-- Although the *SdkVersion is captured in gradle build files, this is required for non gradle builds -->
16    <!-- <uses-sdk android:minSdkVersion="14" /> -->
17    <uses-permission android:name="android.permission.ACCESS_NETWORK_STATE" />
17-->[com.google.firebase:firebase-firestore:21.3.0] AndroidManifest.xml:13:5-79
17-->[com.google.firebase:firebase-firestore:21.3.0] AndroidManifest.xml:13:22-76
18    <uses-permission android:name="android.permission.WAKE_LOCK" />
18-->[com.google.android.gms:play-services-measurement:17.2.0] AndroidManifest.xml:25:5-68
18-->[com.google.android.gms:play-services-measurement:17.2.0] AndroidManifest.xml:25:22-65
19    <uses-permission android:name="com.google.android.finsky.permission.BIND_GET_INSTALL_REFERRER_SERVICE" /> <!-- Required by older versions of Google Play services to create IID tokens -->
19-->[com.google.android.gms:play-services-measurement:17.2.0] AndroidManifest.xml:26:5-110
19-->[com.google.android.gms:play-services-measurement:17.2.0] AndroidManifest.xml:26:22-107
20    <uses-permission android:name="com.google.android.c2dm.permission.RECEIVE" />
20-->[com.google.firebase:firebase-iid:19.0.0] AndroidManifest.xml:26:5-82
20-->[com.google.firebase:firebase-iid:19.0.0] AndroidManifest.xml:26:22-79
21    <!--
22 io.flutter.app.FlutterApplication is an android.app.Application that
23         calls FlutterMain.startInitialization(this); in its onCreate method.
24         In most cases you can leave this as-is, but you if you want to provide
25         additional functionality it is fine to subclass or reimplement
26         FlutterApplication and put your custom class here.
27    -->
28    <application
28-->src\main\AndroidManifest.xml:9:5-32:19
29        android:name="io.flutter.app.FlutterApplication"
29-->src\main\AndroidManifest.xml:10:9-57
30        android:appComponentFactory="androidx.core.app.CoreComponentFactory"
30-->[androidx.core:core:1.0.0] AndroidManifest.xml:22:18-86
31        android:debuggable="true"
32        android:icon="@mipmap/ic_launcher"
32-->src\main\AndroidManifest.xml:12:9-43
33        android:label="firebase_login" >
33-->src\main\AndroidManifest.xml:11:9-39
34        <activity
34-->src\main\AndroidManifest.xml:13:9-31:20
35            android:name="com.example.firebase_login.MainActivity"
35-->src\main\AndroidManifest.xml:14:13-41
36            android:configChanges="orientation|keyboardHidden|keyboard|screenSize|locale|layoutDirection|fontScale|screenLayout|density|uiMode"
36-->src\main\AndroidManifest.xml:17:13-144
37            android:hardwareAccelerated="true"
37-->src\main\AndroidManifest.xml:18:13-47
38            android:launchMode="singleTop"
38-->src\main\AndroidManifest.xml:15:13-43
39            android:theme="@style/LaunchTheme"
39-->src\main\AndroidManifest.xml:16:13-47
40            android:windowSoftInputMode="adjustResize" >
40-->src\main\AndroidManifest.xml:19:13-55
41
42            <!--
43                 This keeps the window background of the activity showing
44                 until Flutter renders its first frame. It can be removed if
45                 there is no splash screen (such as the default splash screen
46                 defined in @style/LaunchTheme).
47            -->
48            <meta-data
48-->src\main\AndroidManifest.xml:24:13-26:40
49                android:name="io.flutter.app.android.SplashScreenUntilFirstFrame"
49-->src\main\AndroidManifest.xml:25:17-82
50                android:value="true" />
50-->src\main\AndroidManifest.xml:26:17-37
51
52            <intent-filter>
52-->src\main\AndroidManifest.xml:27:13-30:29
53                <action android:name="android.intent.action.MAIN" />
53-->src\main\AndroidManifest.xml:28:17-68
53-->src\main\AndroidManifest.xml:28:25-66
54
55                <category android:name="android.intent.category.LAUNCHER" />
55-->src\main\AndroidManifest.xml:29:17-76
55-->src\main\AndroidManifest.xml:29:27-74
56            </intent-filter>
57        </activity>
58
59        <service
59-->[com.google.firebase:firebase-firestore:21.3.0] AndroidManifest.xml:17:9-23:19
60            android:name="com.google.firebase.components.ComponentDiscoveryService"
60-->[com.google.firebase:firebase-firestore:21.3.0] AndroidManifest.xml:18:13-84
61            android:directBootAware="true"
61-->[com.google.firebase:firebase-common:19.3.0] AndroidManifest.xml:34:13-43
62            android:exported="false" >
62-->[com.google.firebase:firebase-firestore:21.3.0] AndroidManifest.xml:19:13-37
63            <meta-data
63-->[com.google.firebase:firebase-firestore:21.3.0] AndroidManifest.xml:20:13-22:85
64                android:name="com.google.firebase.components:com.google.firebase.firestore.FirestoreRegistrar"
64-->[com.google.firebase:firebase-firestore:21.3.0] AndroidManifest.xml:21:17-111
65                android:value="com.google.firebase.components.ComponentRegistrar" />
65-->[com.google.firebase:firebase-firestore:21.3.0] AndroidManifest.xml:22:17-82
66            <meta-data
66-->[:firebase_auth] AndroidManifest.xml:9:13-11:85
67                android:name="com.google.firebase.components:io.flutter.plugins.firebaseauth.FlutterFirebaseAppRegistrar"
67-->[:firebase_auth] AndroidManifest.xml:10:17-122
68                android:value="com.google.firebase.components.ComponentRegistrar" />
68-->[:firebase_auth] AndroidManifest.xml:11:17-82
69            <meta-data
69-->[:firebase_database] AndroidManifest.xml:9:13-11:85
70                android:name="com.google.firebase.components:io.flutter.plugins.firebase.database.FlutterFirebaseAppRegistrar"
70-->[:firebase_database] AndroidManifest.xml:10:17-127
71                android:value="com.google.firebase.components.ComponentRegistrar" />
71-->[:firebase_database] AndroidManifest.xml:11:17-82
72            <meta-data
72-->[:firebase_core] AndroidManifest.xml:9:13-11:85
73                android:name="com.google.firebase.components:io.flutter.plugins.firebase.core.FlutterFirebaseAppRegistrar"
73-->[:firebase_core] AndroidManifest.xml:10:17-123
74                android:value="com.google.firebase.components.ComponentRegistrar" />
74-->[:firebase_core] AndroidManifest.xml:11:17-82
75            <meta-data
75-->[com.google.android.gms:play-services-measurement-api:17.2.0] AndroidManifest.xml:30:13-32:85
76                android:name="com.google.firebase.components:com.google.firebase.analytics.connector.internal.AnalyticsConnectorRegistrar"
76-->[com.google.android.gms:play-services-measurement-api:17.2.0] AndroidManifest.xml:31:17-139
77                android:value="com.google.firebase.components.ComponentRegistrar" />
77-->[com.google.android.gms:play-services-measurement-api:17.2.0] AndroidManifest.xml:32:17-82
78            <meta-data
78-->[com.google.firebase:firebase-auth:17.0.0] AndroidManifest.xml:36:13-38:85
79                android:name="com.google.firebase.components:com.google.firebase.auth.FirebaseAuthRegistrar"
79-->[com.google.firebase:firebase-auth:17.0.0] AndroidManifest.xml:37:17-109
80                android:value="com.google.firebase.components.ComponentRegistrar" />
80-->[com.google.firebase:firebase-auth:17.0.0] AndroidManifest.xml:38:17-82
81            <meta-data
81-->[com.google.firebase:firebase-database:17.0.0] AndroidManifest.xml:30:13-32:85
82                android:name="com.google.firebase.components:com.google.firebase.database.DatabaseRegistrar"
82-->[com.google.firebase:firebase-database:17.0.0] AndroidManifest.xml:31:17-109
83                android:value="com.google.firebase.components.ComponentRegistrar" />
83-->[com.google.firebase:firebase-database:17.0.0] AndroidManifest.xml:32:17-82
84            <meta-data
84-->[com.google.firebase:firebase-iid:19.0.0] AndroidManifest.xml:32:13-34:85
85                android:name="com.google.firebase.components:com.google.firebase.iid.Registrar"
85-->[com.google.firebase:firebase-iid:19.0.0] AndroidManifest.xml:33:17-96
86                android:value="com.google.firebase.components.ComponentRegistrar" />
86-->[com.google.firebase:firebase-iid:19.0.0] AndroidManifest.xml:34:17-82
87        </service>
88
89        <receiver
89-->[com.google.android.gms:play-services-measurement:17.2.0] AndroidManifest.xml:29:9-33:20
90            android:name="com.google.android.gms.measurement.AppMeasurementReceiver"
90-->[com.google.android.gms:play-services-measurement:17.2.0] AndroidManifest.xml:30:13-85
91            android:enabled="true"
91-->[com.google.android.gms:play-services-measurement:17.2.0] AndroidManifest.xml:31:13-35
92            android:exported="false" >
92-->[com.google.android.gms:play-services-measurement:17.2.0] AndroidManifest.xml:32:13-37
93        </receiver>
94        <receiver
94-->[com.google.android.gms:play-services-measurement:17.2.0] AndroidManifest.xml:34:9-42:20
95            android:name="com.google.android.gms.measurement.AppMeasurementInstallReferrerReceiver"
95-->[com.google.android.gms:play-services-measurement:17.2.0] AndroidManifest.xml:35:13-100
96            android:enabled="true"
96-->[com.google.android.gms:play-services-measurement:17.2.0] AndroidManifest.xml:36:13-35
97            android:exported="true"
97-->[com.google.android.gms:play-services-measurement:17.2.0] AndroidManifest.xml:37:13-36
98            android:permission="android.permission.INSTALL_PACKAGES" >
98-->[com.google.android.gms:play-services-measurement:17.2.0] AndroidManifest.xml:38:13-69
99            <intent-filter>
99-->[com.google.android.gms:play-services-measurement:17.2.0] AndroidManifest.xml:39:13-41:29
100                <action android:name="com.android.vending.INSTALL_REFERRER" />
100-->[com.google.android.gms:play-services-measurement:17.2.0] AndroidManifest.xml:40:17-79
100-->[com.google.android.gms:play-services-measurement:17.2.0] AndroidManifest.xml:40:25-76
101            </intent-filter>
102        </receiver>
103
104        <service
104-->[com.google.android.gms:play-services-measurement:17.2.0] AndroidManifest.xml:44:9-47:40
105            android:name="com.google.android.gms.measurement.AppMeasurementService"
105-->[com.google.android.gms:play-services-measurement:17.2.0] AndroidManifest.xml:45:13-84
106            android:enabled="true"
106-->[com.google.android.gms:play-services-measurement:17.2.0] AndroidManifest.xml:46:13-35
107            android:exported="false" />
107-->[com.google.android.gms:play-services-measurement:17.2.0] AndroidManifest.xml:47:13-37
108        <service
108-->[com.google.android.gms:play-services-measurement:17.2.0] AndroidManifest.xml:48:9-52:72
109            android:name="com.google.android.gms.measurement.AppMeasurementJobService"
109-->[com.google.android.gms:play-services-measurement:17.2.0] AndroidManifest.xml:49:13-87
110            android:enabled="true"
110-->[com.google.android.gms:play-services-measurement:17.2.0] AndroidManifest.xml:50:13-35
111            android:exported="false"
111-->[com.google.android.gms:play-services-measurement:17.2.0] AndroidManifest.xml:51:13-37
112            android:permission="android.permission.BIND_JOB_SERVICE" />
112-->[com.google.android.gms:play-services-measurement:17.2.0] AndroidManifest.xml:52:13-69
113
114        <activity
114-->[com.google.firebase:firebase-auth:17.0.0] AndroidManifest.xml:24:9-31:50
115            android:name="com.google.firebase.auth.internal.FederatedSignInActivity"
115-->[com.google.firebase:firebase-auth:17.0.0] AndroidManifest.xml:25:13-85
116            android:excludeFromRecents="true"
116-->[com.google.firebase:firebase-auth:17.0.0] AndroidManifest.xml:26:13-46
117            android:exported="true"
117-->[com.google.firebase:firebase-auth:17.0.0] AndroidManifest.xml:27:13-36
118            android:launchMode="singleTask"
118-->[com.google.firebase:firebase-auth:17.0.0] AndroidManifest.xml:28:13-44
119            android:permission="com.google.firebase.auth.api.gms.permission.LAUNCH_FEDERATED_SIGN_IN"
119-->[com.google.firebase:firebase-auth:17.0.0] AndroidManifest.xml:29:13-102
120            android:theme="@android:style/Theme.Translucent.NoTitleBar" />
120-->[com.google.firebase:firebase-auth:17.0.0] AndroidManifest.xml:30:13-72
121
122        <receiver
122-->[com.google.firebase:firebase-iid:19.0.0] AndroidManifest.xml:37:9-44:20
123            android:name="com.google.firebase.iid.FirebaseInstanceIdReceiver"
123-->[com.google.firebase:firebase-iid:19.0.0] AndroidManifest.xml:38:13-78
124            android:exported="true"
124-->[com.google.firebase:firebase-iid:19.0.0] AndroidManifest.xml:39:13-36
125            android:permission="com.google.android.c2dm.permission.SEND" >
125-->[com.google.firebase:firebase-iid:19.0.0] AndroidManifest.xml:40:13-73
126            <intent-filter>
126-->[com.google.firebase:firebase-iid:19.0.0] AndroidManifest.xml:41:13-43:29
127                <action android:name="com.google.android.c2dm.intent.RECEIVE" />
127-->[com.google.firebase:firebase-iid:19.0.0] AndroidManifest.xml:42:17-81
127-->[com.google.firebase:firebase-iid:19.0.0] AndroidManifest.xml:42:25-78
128            </intent-filter>
129        </receiver>
130
131        <activity
131-->[com.google.android.gms:play-services-base:17.0.0] AndroidManifest.xml:23:9-26:75
132            android:name="com.google.android.gms.common.api.GoogleApiActivity"
132-->[com.google.android.gms:play-services-base:17.0.0] AndroidManifest.xml:24:13-79
133            android:exported="false"
133-->[com.google.android.gms:play-services-base:17.0.0] AndroidManifest.xml:25:13-37
134            android:theme="@android:style/Theme.Translucent.NoTitleBar" />
134-->[com.google.android.gms:play-services-base:17.0.0] AndroidManifest.xml:26:13-72
135
136        <provider
136-->[com.google.firebase:firebase-common:19.3.0] AndroidManifest.xml:26:9-30:39
137            android:name="com.google.firebase.provider.FirebaseInitProvider"
137-->[com.google.firebase:firebase-common:19.3.0] AndroidManifest.xml:27:13-77
138            android:authorities="com.example.firebase_login.firebaseinitprovider"
138-->[com.google.firebase:firebase-common:19.3.0] AndroidManifest.xml:28:13-72
139            android:exported="false"
139-->[com.google.firebase:firebase-common:19.3.0] AndroidManifest.xml:29:13-37
140            android:initOrder="100" />
140-->[com.google.firebase:firebase-common:19.3.0] AndroidManifest.xml:30:13-36
141
142        <meta-data
142-->[com.google.android.gms:play-services-basement:17.0.0] AndroidManifest.xml:23:9-25:69
143            android:name="com.google.android.gms.version"
143-->[com.google.android.gms:play-services-basement:17.0.0] AndroidManifest.xml:24:13-58
144            android:value="@integer/google_play_services_version" />
144-->[com.google.android.gms:play-services-basement:17.0.0] AndroidManifest.xml:25:13-66
145    </application>
146
147</manifest>